New Relic Agent not running
  [4;36;1mSQL (0.1ms)[0m   [0;1mSET client_min_messages TO 'panic'[0m
  [4;35;1mSQL (0.1ms)[0m   [0mSET client_min_messages TO 'notice'[0m
  [4;36;1mSQL (3.5ms)[0m   [0;1mCREATE TABLE "schema_migrations" ("version" character varying(255) NOT NULL) [0m
  [4;35;1mSQL (2.3ms)[0m   [0mCREATE UNIQUE INDEX "unique_schema_migrations" ON "schema_migrations" ("version")[0m
  [4;36;1mSQL (0.3ms)[0m   [0;1mSELECT version FROM schema_migrations[0m
Migrating to CreateUsers (1)
  [4;35;1mSQL (0.1ms)[0m   [0mBEGIN[0m
  [4;36;1mSQL (6.3ms)[0m   [0;1mCREATE TABLE "users" ("id" serial primary key, "created_at" timestamp, "updated_at" timestamp, "login" character varying(255) NOT NULL, "crypted_password" character varying(255) NOT NULL, "password_salt" character varying(255) NOT NULL, "persistence_token" character varying(255) NOT NULL, "login_count" integer DEFAULT 0 NOT NULL, "last_request_at" timestamp, "last_login_at" timestamp, "current_login_at" timestamp, "last_login_ip" character varying(255), "current_login_ip" character varying(255), "admin" boolean) [0m
  [4;35;1mSQL (1.0ms)[0m   [0mCREATE INDEX "index_users_on_login" ON "users" ("login")[0m
  [4;36;1mSQL (1.7ms)[0m   [0;1mCREATE INDEX "index_users_on_persistence_token" ON "users" ("persistence_token")[0m
  [4;35;1mSQL (1.9ms)[0m   [0mCREATE INDEX "index_users_on_last_request_at" ON "users" ("last_request_at")[0m
  [4;36;1mSQL (1.0ms)[0m   [0;1mINSERT INTO schema_migrations (version) VALUES ('1')[0m
  [4;35;1mSQL (0.8ms)[0m   [0mCOMMIT[0m
Migrating to CreateSessions (2)
  [4;36;1mSQL (0.6ms)[0m   [0;1mBEGIN[0m
  [4;35;1mSQL (4.2ms)[0m   [0mCREATE TABLE "sessions" ("id" serial primary key, "session_id" character varying(255) NOT NULL, "data" text, "created_at" timestamp, "updated_at" timestamp) [0m
  [4;36;1mSQL (0.8ms)[0m   [0;1mCREATE INDEX "index_sessions_on_session_id" ON "sessions" ("session_id")[0m
  [4;35;1mSQL (0.8ms)[0m   [0mCREATE INDEX "index_sessions_on_updated_at" ON "sessions" ("updated_at")[0m
  [4;36;1mSQL (0.7ms)[0m   [0;1mINSERT INTO schema_migrations (version) VALUES ('2')[0m
  [4;35;1mSQL (0.6ms)[0m   [0mCOMMIT[0m
Migrating to AddUsersPasswordResetFields (3)
  [4;36;1mSQL (0.5ms)[0m   [0;1mBEGIN[0m
  [4;35;1mSQL (0.5ms)[0m   [0mALTER TABLE "users" ADD COLUMN "perishable_token" character varying(255)[0m
  [4;36;1mSQL (0.3ms)[0m   [0;1mALTER TABLE "users" ALTER COLUMN "perishable_token" SET DEFAULT E''[0m
  [4;35;1mSQL (0.5ms)[0m   [0mUPDATE "users" SET "perishable_token"=E'' WHERE "perishable_token" IS NULL[0m
  [4;36;1mSQL (0.2ms)[0m   [0;1mALTER TABLE "users" ALTER "perishable_token" SET NOT NULL[0m
  [4;35;1mSQL (0.2ms)[0m   [0mALTER TABLE "users" ADD COLUMN "email" character varying(255)[0m
  [4;36;1mSQL (0.3ms)[0m   [0;1mALTER TABLE "users" ALTER COLUMN "email" SET DEFAULT E''[0m
  [4;35;1mSQL (0.2ms)[0m   [0mUPDATE "users" SET "email"=E'' WHERE "email" IS NULL[0m
  [4;36;1mSQL (0.2ms)[0m   [0;1mALTER TABLE "users" ALTER "email" SET NOT NULL[0m
  [4;35;1mSQL (1.4ms)[0m   [0mCREATE INDEX "index_users_on_perishable_token" ON "users" ("perishable_token")[0m
  [4;36;1mSQL (1.4ms)[0m   [0;1mCREATE INDEX "index_users_on_email" ON "users" ("email")[0m
  [4;35;1mSQL (0.2ms)[0m   [0mINSERT INTO schema_migrations (version) VALUES ('3')[0m
  [4;36;1mSQL (0.6ms)[0m   [0;1mCOMMIT[0m
  [4;35;1mSQL (0.2ms)[0m   [0mSELECT version FROM schema_migrations[0m
  [4;36;1mSQL (0.1ms)[0m   [0;1mSET client_min_messages TO 'panic'[0m
  [4;35;1mSQL (0.1ms)[0m   [0mSET client_min_messages TO 'notice'[0m
  [4;36;1mSQL (0.7ms)[0m   [0;1mSELECT version FROM schema_migrations[0m
Migrating to CreateUsers (1)
Migrating to CreateSessions (2)
Migrating to AddUsersPasswordResetFields (3)
  [4;35;1mSQL (0.1ms)[0m   [0mSELECT version FROM schema_migrations[0m
  [4;36;1mSQL (0.2ms)[0m   [0;1mSET client_min_messages TO 'panic'[0m
  [4;35;1mSQL (0.2ms)[0m   [0mSET client_min_messages TO 'notice'[0m


Processing PagesController#home (for 127.0.0.1 at 2009-06-26 15:29:41) [GET]
  Parameters: {"action"=>"home", "controller"=>"pages"}
Rendering template within layouts/application
Rendering pages/home
  [4;36;1mUser Load (17.0ms)[0m   [0;1mSELECT * FROM "users" WHERE ("users"."persistence_token" = E'5d7e9ffd21947f0f3c7f6164c2db4036773a0a48681924d490f087459b5ccc22f40e4291127ec3fe87739d42adf0f80a2137d1a01359860926db89a4d3012c11') LIMIT 1[0m
Rendered layouts/_flashes (0.6ms)
Completed in 110ms (View: 91, DB: 17) | 200 OK [http://localhost/]
  [4;36;1mSQL (0.1ms)[0m   [0;1mSET client_min_messages TO 'panic'[0m
  [4;35;1mSQL (0.2ms)[0m   [0mSET client_min_messages TO 'notice'[0m
  [4;36;1mSQL (1.4ms)[0m   [0;1mSELECT version FROM schema_migrations[0m
Migrating to CreateUsers (1)
Migrating to CreateSessions (2)
Migrating to AddUsersPasswordResetFields (3)
Migrating to CreateProjects (20090627010900)
  [4;35;1mSQL (0.2ms)[0m   [0mBEGIN[0m
  [4;36;1mSQL (195.2ms)[0m   [0;1mCREATE TABLE "projects" ("id" serial primary key, "name" character varying(255), "short_description" character varying(255), "link" character varying(255), "long_description" text, "team_lead" character varying(255), "team_lead_email" character varying(255), "site_image_file_name" character varying(255), "site_image_content_type" character varying(255), "site_image_size" integer, "site_image_updated_ad" timestamp, "created_at" timestamp, "updated_at" timestamp) [0m
  [4;35;1mSQL (8.6ms)[0m   [0mINSERT INTO schema_migrations (version) VALUES ('20090627010900')[0m
  [4;36;1mSQL (0.6ms)[0m   [0;1mCOMMIT[0m
  [4;35;1mSQL (0.2ms)[0m   [0mSELECT version FROM schema_migrations[0m
  [4;36;1mSQL (0.1ms)[0m   [0;1mSET client_min_messages TO 'panic'[0m
  [4;35;1mSQL (0.1ms)[0m   [0mSET client_min_messages TO 'notice'[0m
  [4;36;1mProject Load (1.1ms)[0m   [0;1mSELECT * FROM "projects" WHERE ("projects"."id" = 1) LIMIT 1[0m
  [4;35;1mSQL (0.1ms)[0m   [0mBEGIN[0m
  [4;36;1mSQL (1.0ms)[0m   [0;1mINSERT INTO "projects" ("name", "site_image_size", "team_lead", "updated_at", "short_description", "site_image_updated_ad", "id", "long_description", "site_image_file_name", "link", "team_lead_email", "site_image_content_type", "created_at") VALUES(E'Public Rails Workshops', NULL, E'Sarah Mei', '2009-06-27 01:29:39.023874', E'Introductory workshops designed to spread Rails knowledge', NULL, 1, E'', NULL, E'http://workshops.railsbridge.org', E'sarahmei@gmail.com', NULL, '2009-06-27 01:29:39.023874') RETURNING "id"[0m
[paperclip] Saving attachments.
  [4;35;1mSQL (47.8ms)[0m   [0mCOMMIT[0m
  [4;36;1mProject Load (0.7ms)[0m   [0;1mSELECT * FROM "projects" WHERE ("projects"."id" = 2) LIMIT 1[0m
  [4;35;1mSQL (0.1ms)[0m   [0mBEGIN[0m
  [4;36;1mSQL (0.4ms)[0m   [0;1mINSERT INTO "projects" ("name", "site_image_size", "team_lead", "updated_at", "short_description", "site_image_updated_ad", "id", "long_description", "site_image_file_name", "link", "team_lead_email", "site_image_content_type", "created_at") VALUES(E'Teaching Kids', NULL, E'Sarah Allen', '2009-06-27 01:29:39.080334', E'Open source Rails classes for the next generation', NULL, 2, E'', NULL, E'http://teachingkids.railsbridge.org', E'sarah@ultrasaurus.com', NULL, '2009-06-27 01:29:39.080334') RETURNING "id"[0m
[paperclip] Saving attachments.
  [4;35;1mSQL (0.4ms)[0m   [0mCOMMIT[0m
  [4;36;1mProject Load (0.2ms)[0m   [0;1mSELECT * FROM "projects" WHERE ("projects"."id" = 3) LIMIT 1[0m
  [4;35;1mSQL (0.0ms)[0m   [0mBEGIN[0m
  [4;36;1mSQL (0.2ms)[0m   [0;1mINSERT INTO "projects" ("name", "site_image_size", "team_lead", "updated_at", "short_description", "site_image_updated_ad", "id", "long_description", "site_image_file_name", "link", "team_lead_email", "site_image_content_type", "created_at") VALUES(E'Rails Mentors', NULL, E'Brian Hogan', '2009-06-27 01:29:39.083377', E'Sharing knowledge from experience', NULL, 3, E'', NULL, E'http://www.railsmentors.org', E'bphogan@gmail.com', NULL, '2009-06-27 01:29:39.083377') RETURNING "id"[0m
[paperclip] Saving attachments.
  [4;35;1mSQL (0.3ms)[0m   [0mCOMMIT[0m
  [4;36;1mProject Load (0.2ms)[0m   [0;1mSELECT * FROM "projects" WHERE ("projects"."id" = 4) LIMIT 1[0m
  [4;35;1mSQL (0.1ms)[0m   [0mBEGIN[0m
  [4;36;1mSQL (0.3ms)[0m   [0;1mINSERT INTO "projects" ("name", "site_image_size", "team_lead", "updated_at", "short_description", "site_image_updated_ad", "id", "long_description", "site_image_file_name", "link", "team_lead_email", "site_image_content_type", "created_at") VALUES(E'Rails Courseware', NULL, E'Dana Jones', '2009-06-27 01:29:39.086530', E'Open source courseware for Rails newcomers', NULL, 4, E'', NULL, E'http://railstutor.org', E'djones@larkfarm.com', NULL, '2009-06-27 01:29:39.086530') RETURNING "id"[0m
[paperclip] Saving attachments.
  [4;35;1mSQL (0.4ms)[0m   [0mCOMMIT[0m
  [4;36;1mProject Load (0.2ms)[0m   [0;1mSELECT * FROM "projects" WHERE ("projects"."id" = 5) LIMIT 1[0m
  [4;35;1mSQL (0.1ms)[0m   [0mBEGIN[0m
  [4;36;1mSQL (0.3ms)[0m   [0;1mINSERT INTO "projects" ("name", "site_image_size", "team_lead", "updated_at", "short_description", "site_image_updated_ad", "id", "long_description", "site_image_file_name", "link", "team_lead_email", "site_image_content_type", "created_at") VALUES(E'Student Code Reviews', NULL, E'Mike Gunderloy', '2009-06-27 01:29:39.089701', E'Feedback for post-secondary students', NULL, 5, E'', NULL, E'', E'mikeg1@larkfarm.com', NULL, '2009-06-27 01:29:39.089701') RETURNING "id"[0m
[paperclip] Saving attachments.
  [4;35;1mSQL (0.4ms)[0m   [0mCOMMIT[0m
  [4;36;1mProject Load (0.2ms)[0m   [0;1mSELECT * FROM "projects" WHERE ("projects"."id" = 6) LIMIT 1[0m
  [4;35;1mSQL (0.1ms)[0m   [0mBEGIN[0m
  [4;36;1mSQL (0.2ms)[0m   [0;1mINSERT INTO "projects" ("name", "site_image_size", "team_lead", "updated_at", "short_description", "site_image_updated_ad", "id", "long_description", "site_image_file_name", "link", "team_lead_email", "site_image_content_type", "created_at") VALUES(E'Ruby Challenge', NULL, E'Marianna Kenesy', '2009-06-27 01:29:39.092585', E'Puzzle-based way to learn Ruby', NULL, 6, E'', NULL, E'http://rubychallenge.com/', E'kenesymarianna@gmail.com', NULL, '2009-06-27 01:29:39.092585') RETURNING "id"[0m
[paperclip] Saving attachments.
  [4;35;1mSQL (0.3ms)[0m   [0mCOMMIT[0m
  [4;36;1mProject Load (0.2ms)[0m   [0;1mSELECT * FROM "projects" WHERE ("projects"."id" = 7) LIMIT 1[0m
  [4;35;1mSQL (0.0ms)[0m   [0mBEGIN[0m
  [4;36;1mSQL (0.2ms)[0m   [0;1mINSERT INTO "projects" ("name", "site_image_size", "team_lead", "updated_at", "short_description", "site_image_updated_ad", "id", "long_description", "site_image_file_name", "link", "team_lead_email", "site_image_content_type", "created_at") VALUES(E'RailsBridge Wiki', NULL, E'Jeff Schoolcraft', '2009-06-27 01:29:39.095086', E'Everything About RailsBridge', NULL, 7, E'', NULL, E'http://wiki.railsbridge.org', E'jeffrey.schoolcraft@gmail.com', NULL, '2009-06-27 01:29:39.095086') RETURNING "id"[0m
[paperclip] Saving attachments.
  [4;35;1mSQL (0.3ms)[0m   [0mCOMMIT[0m
